2024-02-03 10:41:03,704 - root - INFO - Token de acesso atualizado com sucesso.
2024-02-03 10:44:09,122 - root - INFO - Token de acesso expirado ou ausente. Solicitando um novo.
2024-02-03 10:44:09,557 - root - INFO - Token de acesso atualizado com sucesso.
2024-02-16 10:18:39,832 - root - INFO - Token de acesso expirado ou ausente. Solicitando um novo.
2024-02-16 10:18:40,500 - root - INFO - Token de acesso atualizado com sucesso.
2024-02-23 10:20:18,311 - root - INFO - Token de acesso expirado ou ausente. Solicitando um novo.
2024-02-23 10:20:18,690 - root - ERROR - Erro ao solicitar token de acesso: 401 Client Error: Unauthorized for url: https://hmlsegurancaorcrim.mj.gov.br/auth/realms/hmlorcrim/protocol/openid-connect/token
2024-02-23 10:40:37,763 - root - INFO - Token de acesso expirado ou ausente. Solicitando um novo.
2024-02-23 10:40:38,121 - root - ERROR - Erro ao solicitar token de acesso: 401 Client Error: Unauthorized for url: https://hmlsegurancaorcrim.mj.gov.br/auth/realms/hmlorcrim/protocol/openid-connect/token
2024-02-23 10:41:19,362 - root - INFO - Token de acesso expirado ou ausente. Solicitando um novo.
2024-02-23 10:41:19,716 - root - INFO - Token de acesso atualizado com sucesso.
2024-02-23 11:08:06,694 - root - INFO - Token de acesso expirado ou ausente. Solicitando um novo.
2024-02-23 11:08:07,272 - root - ERROR - Erro ao solicitar token de acesso: 400 Client Error: Bad Request for url: https://hmlsegurancaorcrim.mj.gov.br/auth/realms/hmlorcrim/protocol/openid-connect/token
2024-02-23 11:09:02,008 - root - INFO - Token de acesso expirado ou ausente. Solicitando um novo.
2024-02-23 11:09:02,385 - root - INFO - Token de acesso atualizado com sucesso.
2024-02-23 11:16:02,967 - root - INFO - Token de acesso expirado ou ausente. Solicitando um novo.
2024-02-23 11:16:03,349 - root - INFO - Token de acesso atualizado com sucesso.
2024-02-23 16:51:51,189 - root - INFO - Token de acesso expirado ou ausente. Solicitando um novo.
2024-02-23 16:51:52,119 - root - INFO - Token de acesso atualizado com sucesso.
2024-02-23 17:01:59,015 - root - INFO - Token de acesso expirado ou ausente. Solicitando um novo.
2024-02-23 17:01:59,719 - root - INFO - Token de acesso atualizado com sucesso.
2024-02-23 17:05:45,563 - root - INFO - Token de acesso expirado ou ausente. Solicitando um novo.
2024-02-23 17:05:46,024 - root - INFO - Token de acesso atualizado com sucesso.
2024-02-23 17:07:46,350 - root - INFO - Token de acesso expirado ou ausente. Solicitando um novo.
2024-02-23 17:07:46,933 - root - INFO - Token de acesso atualizado com sucesso.
2024-02-23 17:08:54,687 - root - INFO - Token de acesso expirado ou ausente. Solicitando um novo.
2024-02-23 17:08:55,139 - root - INFO - Token de acesso atualizado com sucesso.
2024-02-23 17:12:59,098 - root - INFO - Token de acesso expirado ou ausente. Solicitando um novo.
2024-02-23 17:12:59,635 - root - INFO - Token de acesso atualizado com sucesso.
2024-02-23 17:34:20,148 - root - INFO - Token de acesso expirado ou ausente. Solicitando um novo.
2024-02-23 17:34:20,746 - root - INFO - Token de acesso atualizado com sucesso.
2024-02-23 17:35:39,015 - root - INFO - Token de acesso expirado ou ausente. Solicitando um novo.
2024-02-23 17:35:39,572 - root - INFO - Token de acesso atualizado com sucesso.
2024-02-23 17:37:15,143 - root - INFO - Token de acesso expirado ou ausente. Solicitando um novo.
2024-02-23 17:37:15,648 - root - INFO - Token de acesso atualizado com sucesso.
2024-02-23 17:43:00,329 - root - INFO - Token de acesso expirado ou ausente. Solicitando um novo.
2024-02-23 17:43:00,872 - root - INFO - Token de acesso atualizado com sucesso.
2024-02-23 17:48:52,923 - root - INFO - Token de acesso expirado ou ausente. Solicitando um novo.
2024-02-23 17:48:53,488 - root - INFO - Token de acesso atualizado com sucesso.
2024-02-23 17:51:17,421 - root - INFO - Token de acesso expirado ou ausente. Solicitando um novo.
2024-02-23 17:51:17,922 - root - INFO - Token de acesso atualizado com sucesso.
2024-02-23 17:56:11,621 - root - INFO - Token de acesso expirado ou ausente. Solicitando um novo.
2024-02-23 17:56:12,173 - root - INFO - Token de acesso atualizado com sucesso.
2024-02-23 17:58:26,229 - root - INFO - Token de acesso expirado ou ausente. Solicitando um novo.
2024-02-23 17:58:26,659 - root - INFO - Token de acesso atualizado com sucesso.
2024-02-23 17:59:29,515 - root - INFO - Token de acesso expirado ou ausente. Solicitando um novo.
2024-02-23 17:59:30,039 - root - INFO - Token de acesso atualizado com sucesso.
2024-02-23 17:59:59,041 - root - INFO - Token de acesso expirado ou ausente. Solicitando um novo.
2024-02-23 17:59:59,473 - root - INFO - Token de acesso atualizado com sucesso.
2024-02-23 18:01:59,007 - root - INFO - Token de acesso expirado ou ausente. Solicitando um novo.
2024-02-23 18:01:59,568 - root - INFO - Token de acesso atualizado com sucesso.
2024-02-23 18:04:15,651 - root - INFO - Token de acesso expirado ou ausente. Solicitando um novo.
2024-02-23 18:04:16,159 - root - INFO - Token de acesso atualizado com sucesso.
2024-02-23 18:12:00,000 - root - INFO - Token de acesso expirado ou ausente. Solicitando um novo.
2024-02-23 18:12:00,559 - root - INFO - Token de acesso atualizado com sucesso.
2024-02-23 18:14:52,428 - root - INFO - Token de acesso expirado ou ausente. Solicitando um novo.
2024-02-23 18:14:52,916 - root - INFO - Token de acesso atualizado com sucesso.
2024-02-23 18:19:53,008 - root - INFO - Token de acesso expirado ou ausente. Solicitando um novo.
2024-02-23 18:19:53,560 - root - INFO - Token de acesso atualizado com sucesso.
2024-02-23 18:20:05,301 - root - INFO - Token de acesso expirado ou ausente. Solicitando um novo.
2024-02-23 18:20:05,741 - root - INFO - Token de acesso atualizado com sucesso.
2024-02-23 18:20:32,707 - root - INFO - Token de acesso expirado ou ausente. Solicitando um novo.
2024-02-23 18:20:33,155 - root - INFO - Token de acesso atualizado com sucesso.
2024-02-23 18:21:00,115 - root - INFO - Token de acesso expirado ou ausente. Solicitando um novo.
2024-02-23 18:21:00,586 - root - INFO - Token de acesso atualizado com sucesso.
2024-02-23 18:21:42,743 - root - INFO - Token de acesso expirado ou ausente. Solicitando um novo.
2024-02-23 18:21:43,183 - root - INFO - Token de acesso atualizado com sucesso.
2024-02-23 18:22:27,574 - root - INFO - Token de acesso expirado ou ausente. Solicitando um novo.
2024-02-23 18:22:28,025 - root - INFO - Token de acesso atualizado com sucesso.
2024-02-23 18:23:30,439 - root - INFO - Token de acesso expirado ou ausente. Solicitando um novo.
2024-02-23 18:23:30,911 - root - INFO - Token de acesso atualizado com sucesso.
2024-02-23 18:24:13,098 - root - INFO - Token de acesso expirado ou ausente. Solicitando um novo.
2024-02-23 18:24:13,564 - root - INFO - Token de acesso atualizado com sucesso.
2024-02-23 18:25:19,415 - root - INFO - Token de acesso expirado ou ausente. Solicitando um novo.
2024-02-23 18:25:20,012 - root - INFO - Token de acesso atualizado com sucesso.
2024-02-23 18:26:15,371 - root - INFO - Token de acesso expirado ou ausente. Solicitando um novo.
2024-02-23 18:26:15,834 - root - INFO - Token de acesso atualizado com sucesso.
2024-02-23 18:37:29,047 - root - INFO - Token de acesso expirado ou ausente. Solicitando um novo.
2024-02-23 18:37:29,600 - root - INFO - Token de acesso atualizado com sucesso.
2024-02-23 18:38:39,301 - root - INFO - Token de acesso expirado ou ausente. Solicitando um novo.
2024-02-23 18:38:39,766 - root - INFO - Token de acesso atualizado com sucesso.
2024-02-25 11:45:49,242 - root - INFO - Token de acesso expirado ou ausente. Solicitando um novo.
2024-02-25 11:45:49,866 - root - INFO - Token de acesso atualizado com sucesso.
2024-02-25 11:45:49,866 - root - INFO - Iniciando requisição POST para https://hmlorcrim.mj.gov.br/backend-orcrim/api/v1/personalidade
2024-02-25 11:45:51,175 - root - ERROR - Erro HTTP ao fazer a requisição POST: 400 Client Error: Bad Request for url: https://hmlorcrim.mj.gov.br/backend-orcrim/api/v1/personalidade
